<?xml version="1.0" encoding="UTF-8"?>
<testsuite xmlns:xsi="http://www.w3.org/2001/XMLSchema-instance" xsi:noNamespaceSchemaLocation="https://maven.apache.org/surefire/maven-surefire-plugin/xsd/surefire-test-report.xsd" name="com.epam.redkin.model.repository.TestUserRepository" time="0.845" tests="118" errors="0" skipped="0" failures="0">
  <properties>
[...]
</properties>
  <testcase name="testGetUserByEmail" classname="com.epam.redkin.model.repository.TestUserRepository" time="0.009"/>
  <testcase name="testCreateAndReadUser[1]" classname="com.epam.redkin.model.repository.TestUserRepository" time="0.009"/>
  <testcase name="testCreateAndReadUser[2]" classname="com.epam.redkin.model.repository.TestUserRepository" time="0.006"/>
  <testcase name="testCreateAndReadUser[3]" classname="com.epam.redkin.model.repository.TestUserRepository" time="0.007"/>
  <testcase name="testCreateAndReadUser[4]" classname="com.epam.redkin.model.repository.TestUserRepository" time="0.006"/>
  <testcase name="testCreateAndReadUser[5]" classname="com.epam.redkin.model.repository.TestUserRepository" time="0.006"/>
  <testcase name="testCreateAndReadUser[6]" classname="com.epam.redkin.model.repository.TestUserRepository" time="0.008"/>
  <testcase name="testCreateAndReadUser[7]" classname="com.epam.redkin.model.repository.TestUserRepository" time="0.007"/>
  <testcase name="testCreateAndReadUser[8]" classname="com.epam.redkin.model.repository.TestUserRepository" time="0.006"/>
  <testcase name="testCreateAndReadUser[9]" classname="com.epam.redkin.model.repository.TestUserRepository" time="0.006"/>
  <testcase name="testCreateAndReadUser[10]" classname="com.epam.redkin.model.repository.TestUserRepository" time="0.007"/>
  <testcase name="testCreateAndReadUser[11]" classname="com.epam.redkin.model.repository.TestUserRepository" time="0.009"/>
  <testcase name="testCreateAndReadUser[12]" classname="com.epam.redkin.model.repository.TestUserRepository" time="0.008"/>
  <testcase name="testCreateAndReadUser[13]" classname="com.epam.redkin.model.repository.TestUserRepository" time="0.008"/>
  <testcase name="testCreateAndReadUser[14]" classname="com.epam.redkin.model.repository.TestUserRepository" time="0.009"/>
  <testcase name="testCreateAndReadUser[15]" classname="com.epam.redkin.model.repository.TestUserRepository" time="0.01"/>
  <testcase name="testCreateAndReadUser[16]" classname="com.epam.redkin.model.repository.TestUserRepository" time="0.007"/>
  <testcase name="testCreateAndReadUser[17]" classname="com.epam.redkin.model.repository.TestUserRepository" time="0.006"/>
  <testcase name="testCreateAndReadUser[18]" classname="com.epam.redkin.model.repository.TestUserRepository" time="0.006"/>
  <testcase name="testCreateAndReadUser[19]" classname="com.epam.redkin.model.repository.TestUserRepository" time="0.007"/>
  <testcase name="testCreateAndReadUser[20]" classname="com.epam.redkin.model.repository.TestUserRepository" time="0.006"/>
  <testcase name="testCreateAndReadUser[21]" classname="com.epam.redkin.model.repository.TestUserRepository" time="0.006"/>
  <testcase name="testCreateAndReadUser[22]" classname="com.epam.redkin.model.repository.TestUserRepository" time="0.007"/>
  <testcase name="testCreateAndReadUser[23]" classname="com.epam.redkin.model.repository.TestUserRepository" time="0.008"/>
  <testcase name="testCreateAndReadUser[24]" classname="com.epam.redkin.model.repository.TestUserRepository" time="0.007"/>
  <testcase name="testCreateAndReadUser[25]" classname="com.epam.redkin.model.repository.TestUserRepository" time="0.007"/>
  <testcase name="testCreateAndReadUser[26]" classname="com.epam.redkin.model.repository.TestUserRepository" time="0.007"/>
  <testcase name="testCreateAndReadUser[27]" classname="com.epam.redkin.model.repository.TestUserRepository" time="0.006"/>
  <testcase name="testCreateAndReadUser[28]" classname="com.epam.redkin.model.repository.TestUserRepository" time="0.007"/>
  <testcase name="testCreateAndReadUser[29]" classname="com.epam.redkin.model.repository.TestUserRepository" time="0.006"/>
  <testcase name="testCreateAndReadUser[30]" classname="com.epam.redkin.model.repository.TestUserRepository" time="0.006"/>
  <testcase name="testCreateAndReadUser[31]" classname="com.epam.redkin.model.repository.TestUserRepository" time="0.006"/>
  <testcase name="testCreateAndReadUser[32]" classname="com.epam.redkin.model.repository.TestUserRepository" time="0.007"/>
  <testcase name="testCreateAndReadUser[33]" classname="com.epam.redkin.model.repository.TestUserRepository" time="0.007"/>
  <testcase name="testCreateAndReadUser[34]" classname="com.epam.redkin.model.repository.TestUserRepository" time="0.006"/>
  <testcase name="testCreateAndReadUser[35]" classname="com.epam.redkin.model.repository.TestUserRepository" time="0.008"/>
  <testcase name="testCreateAndReadUser[36]" classname="com.epam.redkin.model.repository.TestUserRepository" time="0.006"/>
  <testcase name="testCreateAndReadUser[37]" classname="com.epam.redkin.model.repository.TestUserRepository" time="0.007"/>
  <testcase name="testCreateAndReadUser[38]" classname="com.epam.redkin.model.repository.TestUserRepository" time="0.006"/>
  <testcase name="testCreateAndReadUser[39]" classname="com.epam.redkin.model.repository.TestUserRepository" time="0.006"/>
  <testcase name="testCreateAndReadUser[40]" classname="com.epam.redkin.model.repository.TestUserRepository" time="0.005"/>
  <testcase name="testCreateAndReadUser[41]" classname="com.epam.redkin.model.repository.TestUserRepository" time="0.006"/>
  <testcase name="testCreateAndReadUser[42]" classname="com.epam.redkin.model.repository.TestUserRepository" time="0.007"/>
  <testcase name="testCreateAndReadUser[43]" classname="com.epam.redkin.model.repository.TestUserRepository" time="0.006"/>
  <testcase name="testCreateAndReadUser[44]" classname="com.epam.redkin.model.repository.TestUserRepository" time="0.007"/>
  <testcase name="testCreateAndReadUser[45]" classname="com.epam.redkin.model.repository.TestUserRepository" time="0.007"/>
  <testcase name="testCreateAndReadUser[46]" classname="com.epam.redkin.model.repository.TestUserRepository" time="0.007"/>
  <testcase name="testCreateAndReadUser[47]" classname="com.epam.redkin.model.repository.TestUserRepository" time="0.006"/>
  <testcase name="testCreateAndReadUser[48]" classname="com.epam.redkin.model.repository.TestUserRepository" time="0.007"/>
  <testcase name="testCreateAndReadUser[49]" classname="com.epam.redkin.model.repository.TestUserRepository" time="0.007"/>
  <testcase name="testCreateAndReadUser[50]" classname="com.epam.redkin.model.repository.TestUserRepository" time="0.007"/>
  <testcase name="testCreateAndReadUser[51]" classname="com.epam.redkin.model.repository.TestUserRepository" time="0.007"/>
  <testcase name="testCreateAndReadUser[52]" classname="com.epam.redkin.model.repository.TestUserRepository" time="0.008"/>
  <testcase name="testCreateAndReadUser[53]" classname="com.epam.redkin.model.repository.TestUserRepository" time="0.007"/>
  <testcase name="testCreateAndReadUser[54]" classname="com.epam.redkin.model.repository.TestUserRepository" time="0.006"/>
  <testcase name="testCreateAndReadUser[55]" classname="com.epam.redkin.model.repository.TestUserRepository" time="0.007"/>
  <testcase name="testCreateAndReadUser[56]" classname="com.epam.redkin.model.repository.TestUserRepository" time="0.006"/>
  <testcase name="testCreateAndReadUser[57]" classname="com.epam.redkin.model.repository.TestUserRepository" time="0.007"/>
  <testcase name="testCreateAndReadUser[58]" classname="com.epam.redkin.model.repository.TestUserRepository" time="0.006"/>
  <testcase name="testCreateAndReadUser[59]" classname="com.epam.redkin.model.repository.TestUserRepository" time="0.007"/>
  <testcase name="testCreateAndReadUser[60]" classname="com.epam.redkin.model.repository.TestUserRepository" time="0.006"/>
  <testcase name="testCreateAndReadUser[61]" classname="com.epam.redkin.model.repository.TestUserRepository" time="0.006"/>
  <testcase name="testCreateAndReadUser[62]" classname="com.epam.redkin.model.repository.TestUserRepository" time="0.006"/>
  <testcase name="testCreateAndReadUser[63]" classname="com.epam.redkin.model.repository.TestUserRepository" time="0.008"/>
  <testcase name="testCreateAndReadUser[64]" classname="com.epam.redkin.model.repository.TestUserRepository" time="0.006"/>
  <testcase name="testCreateAndReadUser[65]" classname="com.epam.redkin.model.repository.TestUserRepository" time="0.006"/>
  <testcase name="testCreateAndReadUser[66]" classname="com.epam.redkin.model.repository.TestUserRepository" time="0.006"/>
  <testcase name="testCreateAndReadUser[67]" classname="com.epam.redkin.model.repository.TestUserRepository" time="0.007"/>
  <testcase name="testCreateAndReadUser[68]" classname="com.epam.redkin.model.repository.TestUserRepository" time="0.006"/>
  <testcase name="testCreateAndReadUser[69]" classname="com.epam.redkin.model.repository.TestUserRepository" time="0.008"/>
  <testcase name="testCreateAndReadUser[70]" classname="com.epam.redkin.model.repository.TestUserRepository" time="0.007"/>
  <testcase name="testCreateAndReadUser[71]" classname="com.epam.redkin.model.repository.TestUserRepository" time="0.007"/>
  <testcase name="testCreateAndReadUser[72]" classname="com.epam.redkin.model.repository.TestUserRepository" time="0.009"/>
  <testcase name="testCreateAndReadUser[73]" classname="com.epam.redkin.model.repository.TestUserRepository" time="0.007"/>
  <testcase name="testCreateAndReadUser[74]" classname="com.epam.redkin.model.repository.TestUserRepository" time="0.006"/>
  <testcase name="testCreateAndReadUser[75]" classname="com.epam.redkin.model.repository.TestUserRepository" time="0.006"/>
  <testcase name="testCreateAndReadUser[76]" classname="com.epam.redkin.model.repository.TestUserRepository" time="0.007"/>
  <testcase name="testCreateAndReadUser[77]" classname="com.epam.redkin.model.repository.TestUserRepository" time="0.007"/>
  <testcase name="testCreateAndReadUser[78]" classname="com.epam.redkin.model.repository.TestUserRepository" time="0.006"/>
  <testcase name="testCreateAndReadUser[79]" classname="com.epam.redkin.model.repository.TestUserRepository" time="0.007"/>
  <testcase name="testCreateAndReadUser[80]" classname="com.epam.redkin.model.repository.TestUserRepository" time="0.006"/>
  <testcase name="testCreateAndReadUser[81]" classname="com.epam.redkin.model.repository.TestUserRepository" time="0.008"/>
  <testcase name="testCreateAndReadUser[82]" classname="com.epam.redkin.model.repository.TestUserRepository" time="0.006"/>
  <testcase name="testCreateAndReadUser[83]" classname="com.epam.redkin.model.repository.TestUserRepository" time="0.006"/>
  <testcase name="testCreateAndReadUser[84]" classname="com.epam.redkin.model.repository.TestUserRepository" time="0.007"/>
  <testcase name="testCreateAndReadUser[85]" classname="com.epam.redkin.model.repository.TestUserRepository" time="0.006"/>
  <testcase name="testCreateAndReadUser[86]" classname="com.epam.redkin.model.repository.TestUserRepository" time="0.006"/>
  <testcase name="testCreateAndReadUser[87]" classname="com.epam.redkin.model.repository.TestUserRepository" time="0.006"/>
  <testcase name="testCreateAndReadUser[88]" classname="com.epam.redkin.model.repository.TestUserRepository" time="0.007"/>
  <testcase name="testCreateAndReadUser[89]" classname="com.epam.redkin.model.repository.TestUserRepository" time="0.006"/>
  <testcase name="testCreateAndReadUser[90]" classname="com.epam.redkin.model.repository.TestUserRepository" time="0.007"/>
  <testcase name="testCreateAndReadUser[91]" classname="com.epam.redkin.model.repository.TestUserRepository" time="0.007"/>
  <testcase name="testCreateAndReadUser[92]" classname="com.epam.redkin.model.repository.TestUserRepository" time="0.008"/>
  <testcase name="testCreateAndReadUser[93]" classname="com.epam.redkin.model.repository.TestUserRepository" time="0.007"/>
  <testcase name="testCreateAndReadUser[94]" classname="com.epam.redkin.model.repository.TestUserRepository" time="0.006"/>
  <testcase name="testCreateAndReadUser[95]" classname="com.epam.redkin.model.repository.TestUserRepository" time="0.007"/>
  <testcase name="testCreateAndReadUser[96]" classname="com.epam.redkin.model.repository.TestUserRepository" time="0.006"/>
  <testcase name="testCreateAndReadUser[97]" classname="com.epam.redkin.model.repository.TestUserRepository" time="0.006"/>
  <testcase name="testCreateAndReadUser[98]" classname="com.epam.redkin.model.repository.TestUserRepository" time="0.007"/>
  <testcase name="testCreateAndReadUser[99]" classname="com.epam.redkin.model.repository.TestUserRepository" time="0.009"/>
  <testcase name="testCreateAndReadUser[100]" classname="com.epam.redkin.model.repository.TestUserRepository" time="0.006"/>
  <testcase name="testUpdateUser" classname="com.epam.redkin.model.repository.TestUserRepository" time="0.008"/>
  <testcase name="testUpdateUserBlockStatus" classname="com.epam.redkin.model.repository.TestUserRepository" time="0.009"/>
  <testcase name="testDeleteNotExistUser" classname="com.epam.redkin.model.repository.TestUserRepository" time="0.006"/>
  <testcase name="testGetUserByRoleWithNullValue" classname="com.epam.redkin.model.repository.TestUserRepository" time="0.007"/>
  <testcase name="testCreateNullUserParameter{String, String, String, String, String, LocalDate, Role, boolean}[1]" classname="com.epam.redkin.model.repository.TestUserRepository" time="0.017"/>
  <testcase name="testCreateNullUserParameter{String, String, String, String, String, LocalDate, Role, boolean}[2]" classname="com.epam.redkin.model.repository.TestUserRepository" time="0.007"/>
  <testcase name="testCreateNullUserParameter{String, String, String, String, String, LocalDate, Role, boolean}[3]" classname="com.epam.redkin.model.repository.TestUserRepository" time="0.007"/>
  <testcase name="testCreateNullUserParameter{String, String, String, String, String, LocalDate, Role, boolean}[4]" classname="com.epam.redkin.model.repository.TestUserRepository" time="0.008"/>
  <testcase name="testCreateNullUserParameter{String, String, String, String, String, LocalDate, Role, boolean}[5]" classname="com.epam.redkin.model.repository.TestUserRepository" time="0.007"/>
  <testcase name="testCreateNullUserParameter{String, String, String, String, String, LocalDate, Role, boolean}[6]" classname="com.epam.redkin.model.repository.TestUserRepository" time="0.008"/>
  <testcase name="testGetUserByEmailWithNullValue" classname="com.epam.redkin.model.repository.TestUserRepository" time="0.007"/>
  <testcase name="testGetUserByEmailWithNotExistEmail" classname="com.epam.redkin.model.repository.TestUserRepository" time="0.007"/>
  <testcase name="testReadNotExistUser" classname="com.epam.redkin.model.repository.TestUserRepository" time="0.008"/>
  <testcase name="testDeleteUser" classname="com.epam.redkin.model.repository.TestUserRepository" time="0.007"/>
  <testcase name="testCreateExistUser" classname="com.epam.redkin.model.repository.TestUserRepository" time="0.008"/>
  <testcase name="testGetUsersByRole" classname="com.epam.redkin.model.repository.TestUserRepository" time="0.007"/>
  <testcase name="testCheckUserByEmail" classname="com.epam.redkin.model.repository.TestUserRepository" time="0.007"/>
</testsuite>