<?xml version="1.0" encoding="UTF-8"?>
<testsuite xmlns:xsi="http://www.w3.org/2001/XMLSchema-instance" xsi:noNamespaceSchemaLocation="https://maven.apache.org/surefire/maven-surefire-plugin/xsd/surefire-test-report.xsd" name="com.epam.redkin.model.repository.TestRouteRepository" time="3.214" tests="110" errors="0" skipped="0" failures="0">
  <properties>
[...]
</properties>
  <testcase name="testDeleteRoute" classname="com.epam.redkin.model.repository.TestRouteRepository" time="0.031"/>
  <testcase name="testCreateAndReadRoute[1]" classname="com.epam.redkin.model.repository.TestRouteRepository" time="0.027"/>
  <testcase name="testCreateAndReadRoute[2]" classname="com.epam.redkin.model.repository.TestRouteRepository" time="0.026"/>
  <testcase name="testCreateAndReadRoute[3]" classname="com.epam.redkin.model.repository.TestRouteRepository" time="0.025"/>
  <testcase name="testCreateAndReadRoute[4]" classname="com.epam.redkin.model.repository.TestRouteRepository" time="0.034"/>
  <testcase name="testCreateAndReadRoute[5]" classname="com.epam.redkin.model.repository.TestRouteRepository" time="0.029"/>
  <testcase name="testCreateAndReadRoute[6]" classname="com.epam.redkin.model.repository.TestRouteRepository" time="0.025"/>
  <testcase name="testCreateAndReadRoute[7]" classname="com.epam.redkin.model.repository.TestRouteRepository" time="0.028"/>
  <testcase name="testCreateAndReadRoute[8]" classname="com.epam.redkin.model.repository.TestRouteRepository" time="0.028"/>
  <testcase name="testCreateAndReadRoute[9]" classname="com.epam.redkin.model.repository.TestRouteRepository" time="0.028"/>
  <testcase name="testCreateAndReadRoute[10]" classname="com.epam.redkin.model.repository.TestRouteRepository" time="0.025"/>
  <testcase name="testCreateAndReadRoute[11]" classname="com.epam.redkin.model.repository.TestRouteRepository" time="0.026"/>
  <testcase name="testCreateAndReadRoute[12]" classname="com.epam.redkin.model.repository.TestRouteRepository" time="0.027"/>
  <testcase name="testCreateAndReadRoute[13]" classname="com.epam.redkin.model.repository.TestRouteRepository" time="0.029"/>
  <testcase name="testCreateAndReadRoute[14]" classname="com.epam.redkin.model.repository.TestRouteRepository" time="0.029"/>
  <testcase name="testCreateAndReadRoute[15]" classname="com.epam.redkin.model.repository.TestRouteRepository" time="0.027"/>
  <testcase name="testCreateAndReadRoute[16]" classname="com.epam.redkin.model.repository.TestRouteRepository" time="0.028"/>
  <testcase name="testCreateAndReadRoute[17]" classname="com.epam.redkin.model.repository.TestRouteRepository" time="0.026"/>
  <testcase name="testCreateAndReadRoute[18]" classname="com.epam.redkin.model.repository.TestRouteRepository" time="0.028"/>
  <testcase name="testCreateAndReadRoute[19]" classname="com.epam.redkin.model.repository.TestRouteRepository" time="0.027"/>
  <testcase name="testCreateAndReadRoute[20]" classname="com.epam.redkin.model.repository.TestRouteRepository" time="0.027"/>
  <testcase name="testCreateAndReadRoute[21]" classname="com.epam.redkin.model.repository.TestRouteRepository" time="0.026"/>
  <testcase name="testCreateAndReadRoute[22]" classname="com.epam.redkin.model.repository.TestRouteRepository" time="0.039"/>
  <testcase name="testCreateAndReadRoute[23]" classname="com.epam.redkin.model.repository.TestRouteRepository" time="0.052"/>
  <testcase name="testCreateAndReadRoute[24]" classname="com.epam.redkin.model.repository.TestRouteRepository" time="0.029"/>
  <testcase name="testCreateAndReadRoute[25]" classname="com.epam.redkin.model.repository.TestRouteRepository" time="0.027"/>
  <testcase name="testCreateAndReadRoute[26]" classname="com.epam.redkin.model.repository.TestRouteRepository" time="0.027"/>
  <testcase name="testCreateAndReadRoute[27]" classname="com.epam.redkin.model.repository.TestRouteRepository" time="0.032"/>
  <testcase name="testCreateAndReadRoute[28]" classname="com.epam.redkin.model.repository.TestRouteRepository" time="0.025"/>
  <testcase name="testCreateAndReadRoute[29]" classname="com.epam.redkin.model.repository.TestRouteRepository" time="0.027"/>
  <testcase name="testCreateAndReadRoute[30]" classname="com.epam.redkin.model.repository.TestRouteRepository" time="0.03"/>
  <testcase name="testCreateAndReadRoute[31]" classname="com.epam.redkin.model.repository.TestRouteRepository" time="0.029"/>
  <testcase name="testCreateAndReadRoute[32]" classname="com.epam.redkin.model.repository.TestRouteRepository" time="0.029"/>
  <testcase name="testCreateAndReadRoute[33]" classname="com.epam.redkin.model.repository.TestRouteRepository" time="0.027"/>
  <testcase name="testCreateAndReadRoute[34]" classname="com.epam.redkin.model.repository.TestRouteRepository" time="0.028"/>
  <testcase name="testCreateAndReadRoute[35]" classname="com.epam.redkin.model.repository.TestRouteRepository" time="0.031"/>
  <testcase name="testCreateAndReadRoute[36]" classname="com.epam.redkin.model.repository.TestRouteRepository" time="0.028"/>
  <testcase name="testCreateAndReadRoute[37]" classname="com.epam.redkin.model.repository.TestRouteRepository" time="0.025"/>
  <testcase name="testCreateAndReadRoute[38]" classname="com.epam.redkin.model.repository.TestRouteRepository" time="0.025"/>
  <testcase name="testCreateAndReadRoute[39]" classname="com.epam.redkin.model.repository.TestRouteRepository" time="0.027"/>
  <testcase name="testCreateAndReadRoute[40]" classname="com.epam.redkin.model.repository.TestRouteRepository" time="0.029"/>
  <testcase name="testCreateAndReadRoute[41]" classname="com.epam.redkin.model.repository.TestRouteRepository" time="0.03"/>
  <testcase name="testCreateAndReadRoute[42]" classname="com.epam.redkin.model.repository.TestRouteRepository" time="0.03"/>
  <testcase name="testCreateAndReadRoute[43]" classname="com.epam.redkin.model.repository.TestRouteRepository" time="0.028"/>
  <testcase name="testCreateAndReadRoute[44]" classname="com.epam.redkin.model.repository.TestRouteRepository" time="0.028"/>
  <testcase name="testCreateAndReadRoute[45]" classname="com.epam.redkin.model.repository.TestRouteRepository" time="0.027"/>
  <testcase name="testCreateAndReadRoute[46]" classname="com.epam.redkin.model.repository.TestRouteRepository" time="0.03"/>
  <testcase name="testCreateAndReadRoute[47]" classname="com.epam.redkin.model.repository.TestRouteRepository" time="0.027"/>
  <testcase name="testCreateAndReadRoute[48]" classname="com.epam.redkin.model.repository.TestRouteRepository" time="0.027"/>
  <testcase name="testCreateAndReadRoute[49]" classname="com.epam.redkin.model.repository.TestRouteRepository" time="0.026"/>
  <testcase name="testCreateAndReadRoute[50]" classname="com.epam.redkin.model.repository.TestRouteRepository" time="0.034"/>
  <testcase name="testCreateAndReadRoute[51]" classname="com.epam.redkin.model.repository.TestRouteRepository" time="0.03"/>
  <testcase name="testCreateAndReadRoute[52]" classname="com.epam.redkin.model.repository.TestRouteRepository" time="0.027"/>
  <testcase name="testCreateAndReadRoute[53]" classname="com.epam.redkin.model.repository.TestRouteRepository" time="0.026"/>
  <testcase name="testCreateAndReadRoute[54]" classname="com.epam.redkin.model.repository.TestRouteRepository" time="0.025"/>
  <testcase name="testCreateAndReadRoute[55]" classname="com.epam.redkin.model.repository.TestRouteRepository" time="0.03"/>
  <testcase name="testCreateAndReadRoute[56]" classname="com.epam.redkin.model.repository.TestRouteRepository" time="0.043"/>
  <testcase name="testCreateAndReadRoute[57]" classname="com.epam.redkin.model.repository.TestRouteRepository" time="0.067"/>
  <testcase name="testCreateAndReadRoute[58]" classname="com.epam.redkin.model.repository.TestRouteRepository" time="0.026"/>
  <testcase name="testCreateAndReadRoute[59]" classname="com.epam.redkin.model.repository.TestRouteRepository" time="0.026"/>
  <testcase name="testCreateAndReadRoute[60]" classname="com.epam.redkin.model.repository.TestRouteRepository" time="0.026"/>
  <testcase name="testCreateAndReadRoute[61]" classname="com.epam.redkin.model.repository.TestRouteRepository" time="0.026"/>
  <testcase name="testCreateAndReadRoute[62]" classname="com.epam.redkin.model.repository.TestRouteRepository" time="0.026"/>
  <testcase name="testCreateAndReadRoute[63]" classname="com.epam.redkin.model.repository.TestRouteRepository" time="0.027"/>
  <testcase name="testCreateAndReadRoute[64]" classname="com.epam.redkin.model.repository.TestRouteRepository" time="0.026"/>
  <testcase name="testCreateAndReadRoute[65]" classname="com.epam.redkin.model.repository.TestRouteRepository" time="0.026"/>
  <testcase name="testCreateAndReadRoute[66]" classname="com.epam.redkin.model.repository.TestRouteRepository" time="0.029"/>
  <testcase name="testCreateAndReadRoute[67]" classname="com.epam.redkin.model.repository.TestRouteRepository" time="0.028"/>
  <testcase name="testCreateAndReadRoute[68]" classname="com.epam.redkin.model.repository.TestRouteRepository" time="0.029"/>
  <testcase name="testCreateAndReadRoute[69]" classname="com.epam.redkin.model.repository.TestRouteRepository" time="0.029"/>
  <testcase name="testCreateAndReadRoute[70]" classname="com.epam.redkin.model.repository.TestRouteRepository" time="0.031"/>
  <testcase name="testCreateAndReadRoute[71]" classname="com.epam.redkin.model.repository.TestRouteRepository" time="0.026"/>
  <testcase name="testCreateAndReadRoute[72]" classname="com.epam.redkin.model.repository.TestRouteRepository" time="0.026"/>
  <testcase name="testCreateAndReadRoute[73]" classname="com.epam.redkin.model.repository.TestRouteRepository" time="0.027"/>
  <testcase name="testCreateAndReadRoute[74]" classname="com.epam.redkin.model.repository.TestRouteRepository" time="0.032"/>
  <testcase name="testCreateAndReadRoute[75]" classname="com.epam.redkin.model.repository.TestRouteRepository" time="0.028"/>
  <testcase name="testCreateAndReadRoute[76]" classname="com.epam.redkin.model.repository.TestRouteRepository" time="0.028"/>
  <testcase name="testCreateAndReadRoute[77]" classname="com.epam.redkin.model.repository.TestRouteRepository" time="0.026"/>
  <testcase name="testCreateAndReadRoute[78]" classname="com.epam.redkin.model.repository.TestRouteRepository" time="0.025"/>
  <testcase name="testCreateAndReadRoute[79]" classname="com.epam.redkin.model.repository.TestRouteRepository" time="0.03"/>
  <testcase name="testCreateAndReadRoute[80]" classname="com.epam.redkin.model.repository.TestRouteRepository" time="0.028"/>
  <testcase name="testCreateAndReadRoute[81]" classname="com.epam.redkin.model.repository.TestRouteRepository" time="0.026"/>
  <testcase name="testCreateAndReadRoute[82]" classname="com.epam.redkin.model.repository.TestRouteRepository" time="0.027"/>
  <testcase name="testCreateAndReadRoute[83]" classname="com.epam.redkin.model.repository.TestRouteRepository" time="0.027"/>
  <testcase name="testCreateAndReadRoute[84]" classname="com.epam.redkin.model.repository.TestRouteRepository" time="0.026"/>
  <testcase name="testCreateAndReadRoute[85]" classname="com.epam.redkin.model.repository.TestRouteRepository" time="0.029"/>
  <testcase name="testCreateAndReadRoute[86]" classname="com.epam.redkin.model.repository.TestRouteRepository" time="0.027"/>
  <testcase name="testCreateAndReadRoute[87]" classname="com.epam.redkin.model.repository.TestRouteRepository" time="0.027"/>
  <testcase name="testCreateAndReadRoute[88]" classname="com.epam.redkin.model.repository.TestRouteRepository" time="0.027"/>
  <testcase name="testCreateAndReadRoute[89]" classname="com.epam.redkin.model.repository.TestRouteRepository" time="0.026"/>
  <testcase name="testCreateAndReadRoute[90]" classname="com.epam.redkin.model.repository.TestRouteRepository" time="0.033"/>
  <testcase name="testCreateAndReadRoute[91]" classname="com.epam.redkin.model.repository.TestRouteRepository" time="0.067"/>
  <testcase name="testCreateAndReadRoute[92]" classname="com.epam.redkin.model.repository.TestRouteRepository" time="0.028"/>
  <testcase name="testCreateAndReadRoute[93]" classname="com.epam.redkin.model.repository.TestRouteRepository" time="0.03"/>
  <testcase name="testCreateAndReadRoute[94]" classname="com.epam.redkin.model.repository.TestRouteRepository" time="0.026"/>
  <testcase name="testCreateAndReadRoute[95]" classname="com.epam.redkin.model.repository.TestRouteRepository" time="0.028"/>
  <testcase name="testCreateAndReadRoute[96]" classname="com.epam.redkin.model.repository.TestRouteRepository" time="0.028"/>
  <testcase name="testCreateAndReadRoute[97]" classname="com.epam.redkin.model.repository.TestRouteRepository" time="0.027"/>
  <testcase name="testCreateAndReadRoute[98]" classname="com.epam.redkin.model.repository.TestRouteRepository" time="0.027"/>
  <testcase name="testCreateAndReadRoute[99]" classname="com.epam.redkin.model.repository.TestRouteRepository" time="0.029"/>
  <testcase name="testCreateAndReadRoute[100]" classname="com.epam.redkin.model.repository.TestRouteRepository" time="0.026"/>
  <testcase name="testGetRouteInfoDTOByRouteId" classname="com.epam.redkin.model.repository.TestRouteRepository" time="0.032"/>
  <testcase name="testReadNotExistRoute" classname="com.epam.redkin.model.repository.TestRouteRepository" time="0.025"/>
  <testcase name="testUpdateRoute" classname="com.epam.redkin.model.repository.TestRouteRepository" time="0.029"/>
  <testcase name="testGetAllRouteInfoDTOList" classname="com.epam.redkin.model.repository.TestRouteRepository" time="0.029"/>
  <testcase name="testGetStationDTOListWithParameters" classname="com.epam.redkin.model.repository.TestRouteRepository" time="0.029"/>
  <testcase name="testGetNotExistRouteInfoDTOByRouteId" classname="com.epam.redkin.model.repository.TestRouteRepository" time="0.026"/>
  <testcase name="testCreateExistUser" classname="com.epam.redkin.model.repository.TestRouteRepository" time="0.032"/>
  <testcase name="testDeleteNotExistRoute" classname="com.epam.redkin.model.repository.TestRouteRepository" time="0.026"/>
  <testcase name="testCreateRouteWithNullParameter" classname="com.epam.redkin.model.repository.TestRouteRepository" time="0.026"/>
</testsuite>