<?xml version="1.0" encoding="UTF-8"?>
<testsuite xmlns:xsi="http://www.w3.org/2001/XMLSchema-instance" xsi:noNamespaceSchemaLocation="https://maven.apache.org/surefire/maven-surefire-plugin/xsd/surefire-test-report.xsd" name="com.epam.redkin.model.service.impl.UserServiceImplTest" time="0.004" tests="13" errors="0" skipped="13" failures="0">
  <properties>
[...]
</properties>
  <testcase name="testPostRegistrationApprovalByToken" classname="com.epam.redkin.model.service.impl.UserServiceImplTest" time="0">
    <skipped message="TODO: Complete this test"/>
  </testcase>
  <testcase name="testLogInByToken" classname="com.epam.redkin.model.service.impl.UserServiceImplTest" time="0">
    <skipped message="TODO: Complete this test"/>
  </testcase>
  <testcase name="testRead" classname="com.epam.redkin.model.service.impl.UserServiceImplTest" time="0">
    <skipped message="TODO: Complete this test"/>
  </testcase>
  <testcase name="testSendLogInTokenIfForgetPassword" classname="com.epam.redkin.model.service.impl.UserServiceImplTest" time="0">
    <skipped message="TODO: Complete this test"/>
  </testcase>
  <testcase name="testRegisterUser" classname="com.epam.redkin.model.service.impl.UserServiceImplTest" time="0">
    <skipped message="TODO: Complete this test"/>
  </testcase>
  <testcase name="testIsValidUser" classname="com.epam.redkin.model.service.impl.UserServiceImplTest" time="0">
    <skipped message="TODO: Complete this test"/>
  </testcase>
  <testcase name="testGetUpdatedRememberUserToken" classname="com.epam.redkin.model.service.impl.UserServiceImplTest" time="0">
    <skipped message="TODO: Complete this test"/>
  </testcase>
  <testcase name="testGetUserListByCurrentRecordAndRecordsPerPage" classname="com.epam.redkin.model.service.impl.UserServiceImplTest" time="0">
    <skipped message="TODO: Complete this test"/>
  </testcase>
  <testcase name="testUpdateBlocked" classname="com.epam.redkin.model.service.impl.UserServiceImplTest" time="0">
    <skipped message="TODO: Complete this test"/>
  </testcase>
  <testcase name="testGetUserInfo" classname="com.epam.redkin.model.service.impl.UserServiceImplTest" time="0">
    <skipped message="TODO: Complete this test"/>
  </testcase>
  <testcase name="testDeleteRememberUserToken" classname="com.epam.redkin.model.service.impl.UserServiceImplTest" time="0">
    <skipped message="TODO: Complete this test"/>
  </testcase>
  <testcase name="testGetUserListSize" classname="com.epam.redkin.model.service.impl.UserServiceImplTest" time="0">
    <skipped message="TODO: Complete this test"/>
  </testcase>
  <testcase name="testConstructor" classname="com.epam.redkin.model.service.impl.UserServiceImplTest" time="0">
    <skipped message="TODO: Complete this test"/>
  </testcase>
</testsuite>