<?xml version="1.0" encoding="UTF-8"?>
<testsuite xmlns:xsi="http://www.w3.org/2001/XMLSchema-instance" xsi:noNamespaceSchemaLocation="https://maven.apache.org/surefire/maven-surefire-plugin/xsd/surefire-test-report.xsd" name="com.epam.redkin.model.repository.TestOrderRepository" time="3.727" tests="133" errors="0" skipped="0" failures="0">
  <properties>
[...]
</properties>
  <testcase name="testUpdateOrderStatus[1]" classname="com.epam.redkin.model.repository.TestOrderRepository" time="0.031"/>
  <testcase name="testUpdateOrderStatus[2]" classname="com.epam.redkin.model.repository.TestOrderRepository" time="0.022"/>
  <testcase name="testUpdateOrderStatus[3]" classname="com.epam.redkin.model.repository.TestOrderRepository" time="0.024"/>
  <testcase name="testUpdateOrderStatus[4]" classname="com.epam.redkin.model.repository.TestOrderRepository" time="0.02"/>
  <testcase name="testUpdateOrderStatus[5]" classname="com.epam.redkin.model.repository.TestOrderRepository" time="0.022"/>
  <testcase name="testUpdateOrderStatus[6]" classname="com.epam.redkin.model.repository.TestOrderRepository" time="0.02"/>
  <testcase name="testUpdateOrderStatus[7]" classname="com.epam.redkin.model.repository.TestOrderRepository" time="0.021"/>
  <testcase name="testUpdateOrderStatus[8]" classname="com.epam.redkin.model.repository.TestOrderRepository" time="0.021"/>
  <testcase name="testUpdateOrderStatus[9]" classname="com.epam.redkin.model.repository.TestOrderRepository" time="0.021"/>
  <testcase name="testUpdateOrderStatus[10]" classname="com.epam.redkin.model.repository.TestOrderRepository" time="0.026"/>
  <testcase name="testUpdateOrderStatus[11]" classname="com.epam.redkin.model.repository.TestOrderRepository" time="0.02"/>
  <testcase name="testUpdateOrderStatus[12]" classname="com.epam.redkin.model.repository.TestOrderRepository" time="0.02"/>
  <testcase name="testUpdateOrderStatus[13]" classname="com.epam.redkin.model.repository.TestOrderRepository" time="0.019"/>
  <testcase name="testUpdateOrderStatus[14]" classname="com.epam.redkin.model.repository.TestOrderRepository" time="0.019"/>
  <testcase name="testUpdateOrderStatus[15]" classname="com.epam.redkin.model.repository.TestOrderRepository" time="0.019"/>
  <testcase name="testUpdateOrderStatus[16]" classname="com.epam.redkin.model.repository.TestOrderRepository" time="0.02"/>
  <testcase name="testUpdateOrderStatus[17]" classname="com.epam.redkin.model.repository.TestOrderRepository" time="0.02"/>
  <testcase name="testUpdateOrderStatus[18]" classname="com.epam.redkin.model.repository.TestOrderRepository" time="0.021"/>
  <testcase name="testUpdateOrderStatus[19]" classname="com.epam.redkin.model.repository.TestOrderRepository" time="0.031"/>
  <testcase name="testUpdateOrderStatus[20]" classname="com.epam.redkin.model.repository.TestOrderRepository" time="0.024"/>
  <testcase name="testCreateAndReadOrder[1]" classname="com.epam.redkin.model.repository.TestOrderRepository" time="0.02"/>
  <testcase name="testCreateAndReadOrder[2]" classname="com.epam.redkin.model.repository.TestOrderRepository" time="0.018"/>
  <testcase name="testCreateAndReadOrder[3]" classname="com.epam.redkin.model.repository.TestOrderRepository" time="0.02"/>
  <testcase name="testCreateAndReadOrder[4]" classname="com.epam.redkin.model.repository.TestOrderRepository" time="0.017"/>
  <testcase name="testCreateAndReadOrder[5]" classname="com.epam.redkin.model.repository.TestOrderRepository" time="0.02"/>
  <testcase name="testCreateAndReadOrder[6]" classname="com.epam.redkin.model.repository.TestOrderRepository" time="0.018"/>
  <testcase name="testCreateAndReadOrder[7]" classname="com.epam.redkin.model.repository.TestOrderRepository" time="0.018"/>
  <testcase name="testCreateAndReadOrder[8]" classname="com.epam.redkin.model.repository.TestOrderRepository" time="0.019"/>
  <testcase name="testCreateAndReadOrder[9]" classname="com.epam.redkin.model.repository.TestOrderRepository" time="0.019"/>
  <testcase name="testCreateAndReadOrder[10]" classname="com.epam.redkin.model.repository.TestOrderRepository" time="0.019"/>
  <testcase name="testReadNotExistOrder" classname="com.epam.redkin.model.repository.TestOrderRepository" time="0.016"/>
  <testcase name="testGetAllOrders" classname="com.epam.redkin.model.repository.TestOrderRepository" time="0.023"/>
  <testcase name="testGetPriceOfSuccessfulOrders[1]" classname="com.epam.redkin.model.repository.TestOrderRepository" time="0.035"/>
  <testcase name="testGetPriceOfSuccessfulOrders[2]" classname="com.epam.redkin.model.repository.TestOrderRepository" time="0.033"/>
  <testcase name="testGetPriceOfSuccessfulOrders[3]" classname="com.epam.redkin.model.repository.TestOrderRepository" time="0.042"/>
  <testcase name="testGetPriceOfSuccessfulOrders[4]" classname="com.epam.redkin.model.repository.TestOrderRepository" time="0.039"/>
  <testcase name="testGetPriceOfSuccessfulOrders[5]" classname="com.epam.redkin.model.repository.TestOrderRepository" time="0.035"/>
  <testcase name="testGetPriceOfSuccessfulOrders[6]" classname="com.epam.redkin.model.repository.TestOrderRepository" time="0.035"/>
  <testcase name="testGetPriceOfSuccessfulOrders[7]" classname="com.epam.redkin.model.repository.TestOrderRepository" time="0.032"/>
  <testcase name="testGetPriceOfSuccessfulOrders[8]" classname="com.epam.redkin.model.repository.TestOrderRepository" time="0.039"/>
  <testcase name="testGetPriceOfSuccessfulOrders[9]" classname="com.epam.redkin.model.repository.TestOrderRepository" time="0.033"/>
  <testcase name="testGetPriceOfSuccessfulOrders[10]" classname="com.epam.redkin.model.repository.TestOrderRepository" time="0.031"/>
  <testcase name="testGetPriceOfSuccessfulOrders[11]" classname="com.epam.redkin.model.repository.TestOrderRepository" time="0.033"/>
  <testcase name="testGetPriceOfSuccessfulOrders[12]" classname="com.epam.redkin.model.repository.TestOrderRepository" time="0.032"/>
  <testcase name="testGetPriceOfSuccessfulOrders[13]" classname="com.epam.redkin.model.repository.TestOrderRepository" time="0.032"/>
  <testcase name="testGetPriceOfSuccessfulOrders[14]" classname="com.epam.redkin.model.repository.TestOrderRepository" time="0.029"/>
  <testcase name="testGetPriceOfSuccessfulOrders[15]" classname="com.epam.redkin.model.repository.TestOrderRepository" time="0.031"/>
  <testcase name="testGetPriceOfSuccessfulOrders[16]" classname="com.epam.redkin.model.repository.TestOrderRepository" time="0.034"/>
  <testcase name="testGetPriceOfSuccessfulOrders[17]" classname="com.epam.redkin.model.repository.TestOrderRepository" time="0.034"/>
  <testcase name="testGetPriceOfSuccessfulOrders[18]" classname="com.epam.redkin.model.repository.TestOrderRepository" time="0.032"/>
  <testcase name="testGetPriceOfSuccessfulOrders[19]" classname="com.epam.redkin.model.repository.TestOrderRepository" time="0.033"/>
  <testcase name="testGetPriceOfSuccessfulOrders[20]" classname="com.epam.redkin.model.repository.TestOrderRepository" time="0.031"/>
  <testcase name="testGetPriceOfSuccessfulOrders[21]" classname="com.epam.redkin.model.repository.TestOrderRepository" time="0.032"/>
  <testcase name="testGetPriceOfSuccessfulOrders[22]" classname="com.epam.redkin.model.repository.TestOrderRepository" time="0.031"/>
  <testcase name="testGetPriceOfSuccessfulOrders[23]" classname="com.epam.redkin.model.repository.TestOrderRepository" time="0.031"/>
  <testcase name="testGetPriceOfSuccessfulOrders[24]" classname="com.epam.redkin.model.repository.TestOrderRepository" time="0.03"/>
  <testcase name="testGetPriceOfSuccessfulOrders[25]" classname="com.epam.redkin.model.repository.TestOrderRepository" time="0.031"/>
  <testcase name="testGetPriceOfSuccessfulOrders[26]" classname="com.epam.redkin.model.repository.TestOrderRepository" time="0.029"/>
  <testcase name="testGetPriceOfSuccessfulOrders[27]" classname="com.epam.redkin.model.repository.TestOrderRepository" time="0.03"/>
  <testcase name="testGetPriceOfSuccessfulOrders[28]" classname="com.epam.redkin.model.repository.TestOrderRepository" time="0.028"/>
  <testcase name="testGetPriceOfSuccessfulOrders[29]" classname="com.epam.redkin.model.repository.TestOrderRepository" time="0.03"/>
  <testcase name="testGetPriceOfSuccessfulOrders[30]" classname="com.epam.redkin.model.repository.TestOrderRepository" time="0.03"/>
  <testcase name="testGetPriceOfSuccessfulOrders[31]" classname="com.epam.redkin.model.repository.TestOrderRepository" time="0.032"/>
  <testcase name="testGetPriceOfSuccessfulOrders[32]" classname="com.epam.redkin.model.repository.TestOrderRepository" time="0.031"/>
  <testcase name="testGetPriceOfSuccessfulOrders[33]" classname="com.epam.redkin.model.repository.TestOrderRepository" time="0.03"/>
  <testcase name="testGetPriceOfSuccessfulOrders[34]" classname="com.epam.redkin.model.repository.TestOrderRepository" time="0.027"/>
  <testcase name="testGetPriceOfSuccessfulOrders[35]" classname="com.epam.redkin.model.repository.TestOrderRepository" time="0.031"/>
  <testcase name="testGetPriceOfSuccessfulOrders[36]" classname="com.epam.redkin.model.repository.TestOrderRepository" time="0.029"/>
  <testcase name="testGetPriceOfSuccessfulOrders[37]" classname="com.epam.redkin.model.repository.TestOrderRepository" time="0.027"/>
  <testcase name="testGetPriceOfSuccessfulOrders[38]" classname="com.epam.redkin.model.repository.TestOrderRepository" time="0.028"/>
  <testcase name="testGetPriceOfSuccessfulOrders[39]" classname="com.epam.redkin.model.repository.TestOrderRepository" time="0.03"/>
  <testcase name="testGetPriceOfSuccessfulOrders[40]" classname="com.epam.redkin.model.repository.TestOrderRepository" time="0.029"/>
  <testcase name="testGetPriceOfSuccessfulOrders[41]" classname="com.epam.redkin.model.repository.TestOrderRepository" time="0.028"/>
  <testcase name="testGetPriceOfSuccessfulOrders[42]" classname="com.epam.redkin.model.repository.TestOrderRepository" time="0.029"/>
  <testcase name="testGetPriceOfSuccessfulOrders[43]" classname="com.epam.redkin.model.repository.TestOrderRepository" time="0.027"/>
  <testcase name="testGetPriceOfSuccessfulOrders[44]" classname="com.epam.redkin.model.repository.TestOrderRepository" time="0.035"/>
  <testcase name="testGetPriceOfSuccessfulOrders[45]" classname="com.epam.redkin.model.repository.TestOrderRepository" time="0.028"/>
  <testcase name="testGetPriceOfSuccessfulOrders[46]" classname="com.epam.redkin.model.repository.TestOrderRepository" time="0.031"/>
  <testcase name="testGetPriceOfSuccessfulOrders[47]" classname="com.epam.redkin.model.repository.TestOrderRepository" time="0.028"/>
  <testcase name="testGetPriceOfSuccessfulOrders[48]" classname="com.epam.redkin.model.repository.TestOrderRepository" time="0.028"/>
  <testcase name="testGetPriceOfSuccessfulOrders[49]" classname="com.epam.redkin.model.repository.TestOrderRepository" time="0.029"/>
  <testcase name="testGetPriceOfSuccessfulOrders[50]" classname="com.epam.redkin.model.repository.TestOrderRepository" time="0.027"/>
  <testcase name="testGetPriceOfSuccessfulOrders[51]" classname="com.epam.redkin.model.repository.TestOrderRepository" time="0.029"/>
  <testcase name="testGetPriceOfSuccessfulOrders[52]" classname="com.epam.redkin.model.repository.TestOrderRepository" time="0.029"/>
  <testcase name="testGetPriceOfSuccessfulOrders[53]" classname="com.epam.redkin.model.repository.TestOrderRepository" time="0.029"/>
  <testcase name="testGetPriceOfSuccessfulOrders[54]" classname="com.epam.redkin.model.repository.TestOrderRepository" time="0.031"/>
  <testcase name="testGetPriceOfSuccessfulOrders[55]" classname="com.epam.redkin.model.repository.TestOrderRepository" time="0.03"/>
  <testcase name="testGetPriceOfSuccessfulOrders[56]" classname="com.epam.redkin.model.repository.TestOrderRepository" time="0.03"/>
  <testcase name="testGetPriceOfSuccessfulOrders[57]" classname="com.epam.redkin.model.repository.TestOrderRepository" time="0.031"/>
  <testcase name="testGetPriceOfSuccessfulOrders[58]" classname="com.epam.redkin.model.repository.TestOrderRepository" time="0.028"/>
  <testcase name="testGetPriceOfSuccessfulOrders[59]" classname="com.epam.redkin.model.repository.TestOrderRepository" time="0.028"/>
  <testcase name="testGetPriceOfSuccessfulOrders[60]" classname="com.epam.redkin.model.repository.TestOrderRepository" time="0.029"/>
  <testcase name="testGetPriceOfSuccessfulOrders[61]" classname="com.epam.redkin.model.repository.TestOrderRepository" time="0.027"/>
  <testcase name="testGetPriceOfSuccessfulOrders[62]" classname="com.epam.redkin.model.repository.TestOrderRepository" time="0.026"/>
  <testcase name="testGetPriceOfSuccessfulOrders[63]" classname="com.epam.redkin.model.repository.TestOrderRepository" time="0.028"/>
  <testcase name="testGetPriceOfSuccessfulOrders[64]" classname="com.epam.redkin.model.repository.TestOrderRepository" time="0.03"/>
  <testcase name="testGetPriceOfSuccessfulOrders[65]" classname="com.epam.redkin.model.repository.TestOrderRepository" time="0.03"/>
  <testcase name="testGetPriceOfSuccessfulOrders[66]" classname="com.epam.redkin.model.repository.TestOrderRepository" time="0.028"/>
  <testcase name="testGetPriceOfSuccessfulOrders[67]" classname="com.epam.redkin.model.repository.TestOrderRepository" time="0.028"/>
  <testcase name="testGetPriceOfSuccessfulOrders[68]" classname="com.epam.redkin.model.repository.TestOrderRepository" time="0.029"/>
  <testcase name="testGetPriceOfSuccessfulOrders[69]" classname="com.epam.redkin.model.repository.TestOrderRepository" time="0.029"/>
  <testcase name="testGetPriceOfSuccessfulOrders[70]" classname="com.epam.redkin.model.repository.TestOrderRepository" time="0.026"/>
  <testcase name="testGetPriceOfSuccessfulOrders[71]" classname="com.epam.redkin.model.repository.TestOrderRepository" time="0.028"/>
  <testcase name="testGetPriceOfSuccessfulOrders[72]" classname="com.epam.redkin.model.repository.TestOrderRepository" time="0.027"/>
  <testcase name="testGetPriceOfSuccessfulOrders[73]" classname="com.epam.redkin.model.repository.TestOrderRepository" time="0.03"/>
  <testcase name="testGetPriceOfSuccessfulOrders[74]" classname="com.epam.redkin.model.repository.TestOrderRepository" time="0.027"/>
  <testcase name="testGetPriceOfSuccessfulOrders[75]" classname="com.epam.redkin.model.repository.TestOrderRepository" time="0.029"/>
  <testcase name="testGetPriceOfSuccessfulOrders[76]" classname="com.epam.redkin.model.repository.TestOrderRepository" time="0.027"/>
  <testcase name="testGetPriceOfSuccessfulOrders[77]" classname="com.epam.redkin.model.repository.TestOrderRepository" time="0.027"/>
  <testcase name="testGetPriceOfSuccessfulOrders[78]" classname="com.epam.redkin.model.repository.TestOrderRepository" time="0.028"/>
  <testcase name="testGetPriceOfSuccessfulOrders[79]" classname="com.epam.redkin.model.repository.TestOrderRepository" time="0.027"/>
  <testcase name="testGetPriceOfSuccessfulOrders[80]" classname="com.epam.redkin.model.repository.TestOrderRepository" time="0.027"/>
  <testcase name="testGetPriceOfSuccessfulOrders[81]" classname="com.epam.redkin.model.repository.TestOrderRepository" time="0.03"/>
  <testcase name="testGetPriceOfSuccessfulOrders[82]" classname="com.epam.redkin.model.repository.TestOrderRepository" time="0.028"/>
  <testcase name="testGetPriceOfSuccessfulOrders[83]" classname="com.epam.redkin.model.repository.TestOrderRepository" time="0.028"/>
  <testcase name="testGetPriceOfSuccessfulOrders[84]" classname="com.epam.redkin.model.repository.TestOrderRepository" time="0.028"/>
  <testcase name="testGetPriceOfSuccessfulOrders[85]" classname="com.epam.redkin.model.repository.TestOrderRepository" time="0.026"/>
  <testcase name="testGetPriceOfSuccessfulOrders[86]" classname="com.epam.redkin.model.repository.TestOrderRepository" time="0.029"/>
  <testcase name="testGetPriceOfSuccessfulOrders[87]" classname="com.epam.redkin.model.repository.TestOrderRepository" time="0.03"/>
  <testcase name="testGetPriceOfSuccessfulOrders[88]" classname="com.epam.redkin.model.repository.TestOrderRepository" time="0.034"/>
  <testcase name="testGetPriceOfSuccessfulOrders[89]" classname="com.epam.redkin.model.repository.TestOrderRepository" time="0.029"/>
  <testcase name="testGetPriceOfSuccessfulOrders[90]" classname="com.epam.redkin.model.repository.TestOrderRepository" time="0.026"/>
  <testcase name="testGetPriceOfSuccessfulOrders[91]" classname="com.epam.redkin.model.repository.TestOrderRepository" time="0.028"/>
  <testcase name="testGetPriceOfSuccessfulOrders[92]" classname="com.epam.redkin.model.repository.TestOrderRepository" time="0.028"/>
  <testcase name="testGetPriceOfSuccessfulOrders[93]" classname="com.epam.redkin.model.repository.TestOrderRepository" time="0.029"/>
  <testcase name="testGetPriceOfSuccessfulOrders[94]" classname="com.epam.redkin.model.repository.TestOrderRepository" time="0.03"/>
  <testcase name="testGetPriceOfSuccessfulOrders[95]" classname="com.epam.redkin.model.repository.TestOrderRepository" time="0.026"/>
  <testcase name="testGetPriceOfSuccessfulOrders[96]" classname="com.epam.redkin.model.repository.TestOrderRepository" time="0.027"/>
  <testcase name="testGetPriceOfSuccessfulOrders[97]" classname="com.epam.redkin.model.repository.TestOrderRepository" time="0.028"/>
  <testcase name="testGetPriceOfSuccessfulOrders[98]" classname="com.epam.redkin.model.repository.TestOrderRepository" time="0.028"/>
  <testcase name="testGetPriceOfSuccessfulOrders[99]" classname="com.epam.redkin.model.repository.TestOrderRepository" time="0.031"/>
  <testcase name="testGetPriceOfSuccessfulOrders[100]" classname="com.epam.redkin.model.repository.TestOrderRepository" time="0.029"/>
  <testcase name="testGetOrderByUserId" classname="com.epam.redkin.model.repository.TestOrderRepository" time="0.021"/>
</testsuite>